<?xml version="1.0" encoding="UTF-8"?>
<!-- Generated by org.testng.reporters.JUnitReportReporter -->
<testsuite hostname="LAPTOP-8PO5ARJU" failures="0" tests="1" name="com.RestAssuredAPI.Automation.GetRequestAutomation_3" time="9.523" errors="0" timestamp="2022-09-22T21:54:39 IST" skipped="0">
  <testcase classname="com.RestAssuredAPI.Automation.GetRequestAutomation_3" name="getRequestAutomation" time="9.523"/>
  <system-out/>
</testsuite> <!-- com.RestAssuredAPI.Automation.GetRequestAutomation_3 -->
