<?xml version="1.0" encoding="UTF-8"?>
<!-- Generated by org.testng.reporters.JUnitReportReporter -->
<testsuite hostname="LAPTOP-8PO5ARJU" failures="0" tests="1" name="com.RestAssuredAPI.Automation.GetRequestAutomation" time="6.689" errors="0" timestamp="2022-09-22T21:43:21 IST" skipped="0">
  <testcase classname="com.RestAssuredAPI.Automation.GetRequestAutomation" name="getRequestAutomation" time="6.689"/>
  <system-out/>
</testsuite> <!-- com.RestAssuredAPI.Automation.GetRequestAutomation -->
