<?xml version="1.0" encoding="UTF-8"?>
<!-- Generated by org.testng.reporters.JUnitReportReporter -->
<testsuite hostname="LAPTOP-8PO5ARJU" failures="0" tests="1" name="com.RestAssuredAPI.Automation.PostRequestAutomation_3" time="17.026" errors="0" timestamp="2022-09-22T22:11:10 IST" skipped="0">
  <testcase classname="com.RestAssuredAPI.Automation.PostRequestAutomation_3" name="postRequestAutomation" time="17.026"/>
  <system-out/>
</testsuite> <!-- com.RestAssuredAPI.Automation.PostRequestAutomation_3 -->
